--- Startup times for process: Primary (or UI client) ---

times in msec
 clock   self+sourced   self:  sourced script
 clock   elapsed:              other lines

000.001  000.001: --- NVIM STARTING ---
000.118  000.116: event init
000.217  000.099: early init
000.272  000.055: locale set
000.309  000.038: init first window
000.641  000.331: inits 1
000.649  000.009: window checked
000.651  000.002: parsing arguments
001.077  000.032  000.032: require('vim.shared')
001.175  000.045  000.045: require('vim.inspect')
001.219  000.027  000.027: require('vim._options')
001.221  000.140  000.068: require('vim._editor')
001.222  000.197  000.026: require('vim._init_packages')
001.226  000.377: init lua interpreter
002.692  001.466: nvim_ui_attach
002.899  000.207: nvim_set_client_info
002.901  000.002: --- NVIM STARTED ---

--- Startup times for process: Embedded ---

times in msec
 clock   self+sourced   self:  sourced script
 clock   elapsed:              other lines

000.002  000.002: --- NVIM STARTING ---
000.111  000.109: event init
000.190  000.079: early init
000.278  000.088: locale set
000.332  000.054: init first window
000.670  000.338: inits 1
000.684  000.014: window checked
000.687  000.002: parsing arguments
001.046  000.034  000.034: require('vim.shared')
001.121  000.036  000.036: require('vim.inspect')
001.161  000.027  000.027: require('vim._options')
001.163  000.114  000.051: require('vim._editor')
001.164  000.164  000.016: require('vim._init_packages')
001.167  000.317: init lua interpreter
001.212  000.045: expanding arguments
001.223  000.011: inits 2
001.409  000.186: init highlight
001.410  000.001: waiting for UI
001.512  000.102: done waiting for UI
001.515  000.003: clear screen
001.612  000.008  000.008: require('vim.keymap')
002.329  000.118  000.118: sourcing nvim_exec2()
003.017  000.620  000.620: require('vim.termcap')
003.050  000.022  000.022: require('vim.text')
003.193  001.675  000.907: require('vim._defaults')
003.195  000.004: init default mappings & autocommands
003.264  000.070: --cmd commands
003.995  000.029  000.029: sourcing /nix/store/j1pwl12y8knvzg62y13jy0lvdzkrari1-neovim-unwrapped-0.11.1/share/nvim/runtime/ftplugin.vim
004.067  000.016  000.016: sourcing /nix/store/j1pwl12y8knvzg62y13jy0lvdzkrari1-neovim-unwrapped-0.11.1/share/nvim/runtime/indent.vim
004.393  000.085  000.085: require('Comment')
004.434  000.038  000.038: require('Comment.config')
004.784  000.137  000.137: require('Comment.ft')
004.788  000.283  000.145: require('Comment.utils')
004.894  000.105  000.105: require('Comment.opfunc')
004.954  000.058  000.058: require('Comment.extra')
004.958  000.518  000.073: require('Comment.api')
005.180  000.120  000.120: require('lazy')
005.207  000.011  000.011: require('ffi')
005.252  000.029  000.029: require('vim.fs')
005.367  000.113  000.113: require('vim.uri')
005.378  000.170  000.029: require('vim.loader')
005.602  000.212  000.212: require('lazy.stats')
005.689  000.071  000.071: require('lazy.core.util')
005.868  000.177  000.177: require('lazy.core.config')
006.340  000.335  000.335: require('lazy.core.handler')
006.629  000.111  000.111: require('lazy.pkg')
006.637  000.194  000.083: require('lazy.core.meta')
006.648  000.305  000.111: require('lazy.core.plugin')
006.663  000.793  000.153: require('lazy.core.loader')
007.010  000.049  000.049: require('lazy.core.fragments')
007.457  000.049  000.049: require('lazy.core.handler.event')
007.460  000.106  000.057: require('lazy.core.handler.ft')
007.545  000.082  000.082: require('lazy.core.handler.keys')
007.585  000.036  000.036: require('lazy.core.handler.cmd')
007.759  000.088  000.088: sourcing nvim_exec2() called at /nix/store/j1pwl12y8knvzg62y13jy0lvdzkrari1-neovim-unwrapped-0.11.1/share/nvim/runtime/filetype.lua:0
007.764  000.134  000.046: sourcing /nix/store/j1pwl12y8knvzg62y13jy0lvdzkrari1-neovim-unwrapped-0.11.1/share/nvim/runtime/filetype.lua
007.766  000.154  000.020: sourcing nvim_exec2() called at /home/chuck/.config/nvim/init.lua:0
007.873  000.033  000.033: sourcing /nix/store/j1pwl12y8knvzg62y13jy0lvdzkrari1-neovim-unwrapped-0.11.1/share/nvim/runtime/plugin/editorconfig.lua
007.876  000.052  000.019: sourcing nvim_exec2() called at /home/chuck/.config/nvim/init.lua:0
008.067  000.169  000.169: sourcing /nix/store/j1pwl12y8knvzg62y13jy0lvdzkrari1-neovim-unwrapped-0.11.1/share/nvim/runtime/plugin/gzip.vim
008.070  000.190  000.020: sourcing nvim_exec2() called at /home/chuck/.config/nvim/init.lua:0
008.149  000.059  000.059: sourcing /nix/store/j1pwl12y8knvzg62y13jy0lvdzkrari1-neovim-unwrapped-0.11.1/share/nvim/runtime/plugin/man.lua
008.153  000.078  000.019: sourcing nvim_exec2() called at /home/chuck/.config/nvim/init.lua:0
008.480  000.109  000.109: sourcing /nix/store/j1pwl12y8knvzg62y13jy0lvdzkrari1-neovim-unwrapped-0.11.1/share/nvim/runtime/pack/dist/opt/matchit/plugin/matchit.vim
008.495  000.295  000.186: sourcing /nix/store/j1pwl12y8knvzg62y13jy0lvdzkrari1-neovim-unwrapped-0.11.1/share/nvim/runtime/plugin/matchit.vim
008.497  000.340  000.045: sourcing nvim_exec2() called at /home/chuck/.config/nvim/init.lua:0
008.604  000.084  000.084: sourcing /nix/store/j1pwl12y8knvzg62y13jy0lvdzkrari1-neovim-unwrapped-0.11.1/share/nvim/runtime/plugin/matchparen.vim
008.607  000.103  000.019: sourcing nvim_exec2() called at /home/chuck/.config/nvim/init.lua:0
008.941  000.173  000.173: sourcing /nix/store/j1pwl12y8knvzg62y13jy0lvdzkrari1-neovim-unwrapped-0.11.1/share/nvim/runtime/pack/dist/opt/netrw/plugin/netrwPlugin.vim
008.972  000.342  000.170: sourcing /nix/store/j1pwl12y8knvzg62y13jy0lvdzkrari1-neovim-unwrapped-0.11.1/share/nvim/runtime/plugin/netrwPlugin.vim
008.974  000.363  000.020: sourcing nvim_exec2() called at /home/chuck/.config/nvim/init.lua:0
009.180  000.176  000.176: sourcing /nix/store/j1pwl12y8knvzg62y13jy0lvdzkrari1-neovim-unwrapped-0.11.1/share/nvim/runtime/plugin/osc52.lua
009.186  000.205  000.029: sourcing nvim_exec2() called at /home/chuck/.config/nvim/init.lua:0
009.295  000.005  000.005: sourcing /nix/store/zrx8jvvqrapnz6w9cawq9b2f9vkjvcb9-neovim-0.11.1/rplugin.vim
009.363  000.149  000.144: sourcing /nix/store/j1pwl12y8knvzg62y13jy0lvdzkrari1-neovim-unwrapped-0.11.1/share/nvim/runtime/plugin/rplugin.vim
009.366  000.174  000.025: sourcing nvim_exec2() called at /home/chuck/.config/nvim/init.lua:0
009.428  000.034  000.034: sourcing /nix/store/j1pwl12y8knvzg62y13jy0lvdzkrari1-neovim-unwrapped-0.11.1/share/nvim/runtime/plugin/shada.vim
009.430  000.059  000.025: sourcing nvim_exec2() called at /home/chuck/.config/nvim/init.lua:0
009.480  000.022  000.022: sourcing /nix/store/j1pwl12y8knvzg62y13jy0lvdzkrari1-neovim-unwrapped-0.11.1/share/nvim/runtime/plugin/spellfile.vim
009.483  000.049  000.027: sourcing nvim_exec2() called at /home/chuck/.config/nvim/init.lua:0
009.562  000.054  000.054: sourcing /nix/store/j1pwl12y8knvzg62y13jy0lvdzkrari1-neovim-unwrapped-0.11.1/share/nvim/runtime/plugin/tarPlugin.vim
009.565  000.078  000.023: sourcing nvim_exec2() called at /home/chuck/.config/nvim/init.lua:0
009.653  000.055  000.055: sourcing /nix/store/j1pwl12y8knvzg62y13jy0lvdzkrari1-neovim-unwrapped-0.11.1/share/nvim/runtime/plugin/tohtml.lua
009.657  000.088  000.032: sourcing nvim_exec2() called at /home/chuck/.config/nvim/init.lua:0
009.703  000.017  000.017: sourcing /nix/store/j1pwl12y8knvzg62y13jy0lvdzkrari1-neovim-unwrapped-0.11.1/share/nvim/runtime/plugin/tutor.vim
009.706  000.044  000.028: sourcing nvim_exec2() called at /home/chuck/.config/nvim/init.lua:0
009.817  000.083  000.083: sourcing /nix/store/j1pwl12y8knvzg62y13jy0lvdzkrari1-neovim-unwrapped-0.11.1/share/nvim/runtime/plugin/zipPlugin.vim
009.820  000.109  000.025: sourcing nvim_exec2() called at /home/chuck/.config/nvim/init.lua:0
009.892  005.676  001.122: sourcing /home/chuck/.config/nvim/init.lua
009.897  000.911: sourcing vimrc file(s)
010.049  000.045  000.045: sourcing /nix/store/j1pwl12y8knvzg62y13jy0lvdzkrari1-neovim-unwrapped-0.11.1/share/nvim/runtime/filetype.lua
010.199  000.042  000.042: sourcing /nix/store/j1pwl12y8knvzg62y13jy0lvdzkrari1-neovim-unwrapped-0.11.1/share/nvim/runtime/syntax/synload.vim
010.287  000.192  000.149: sourcing /nix/store/j1pwl12y8knvzg62y13jy0lvdzkrari1-neovim-unwrapped-0.11.1/share/nvim/runtime/syntax/syntax.vim
010.296  000.163: inits 3
011.319  001.022: reading ShaDa
011.734  000.416: opening buffers
011.753  000.019: BufEnter autocommands
011.756  000.002: editing files in windows
012.037  000.174  000.174: sourcing /home/chuck/.local/share/nvim/lazy/telescope.nvim/plugin/telescope.lua
012.043  000.207  000.033: sourcing nvim_exec2() called at VimEnter Autocommands for "*":0
012.053  000.002  000.002: sourcing nvim_exec2() called at VimEnter Autocommands for "*":0
012.064  000.001  000.001: sourcing nvim_exec2() called at VimEnter Autocommands for "*":0
012.662  000.182  000.182: require('telescope._extensions')
012.667  000.596  000.414: require('telescope')
012.806  000.135  000.135: require('telescope.themes')
013.384  000.101  000.101: require('plenary.bit')
013.448  000.061  000.061: require('plenary.functional')
013.481  000.305  000.144: require('plenary.path')
013.491  000.414  000.109: require('plenary.strings')
013.584  000.091  000.091: require('telescope.deprecated')
014.005  000.006  000.006: require('vim.F')
014.028  000.185  000.179: require('plenary.log')
014.062  000.377  000.192: require('telescope.log')
014.582  000.063  000.063: require('plenary.compat')
014.589  000.320  000.257: require('plenary.job')
014.638  000.047  000.047: require('telescope.state')
014.649  000.586  000.219: require('telescope.utils')
014.653  001.067  000.104: require('telescope.sorters')
015.903  003.021  001.449: require('telescope.config')
016.788  000.122  000.122: require('fzf_lib')
016.792  000.180  000.059: require('telescope._extensions.fzf')
016.873  000.076  000.076: require('telescope._extensions.ui-select')
017.395  000.049  000.049: require('plenary.tbl')
017.399  000.105  000.056: require('plenary.vararg.rotate')
017.400  000.228  000.124: require('plenary.vararg')
017.432  000.030  000.030: require('plenary.errors')
017.435  000.389  000.130: require('plenary.async.async')
017.634  000.043  000.043: require('plenary.async.structs')
017.641  000.089  000.046: require('plenary.async.control')
017.646  000.180  000.091: require('plenary.async.util')
017.648  000.212  000.032: require('plenary.async.tests')
017.649  000.640  000.039: require('plenary.async')
017.778  000.065  000.065: require('plenary.window.border')
017.823  000.043  000.043: require('plenary.window')
017.860  000.035  000.035: require('plenary.popup.utils')
017.863  000.213  000.070: require('plenary.popup')
018.183  000.156  000.156: require('telescope.pickers.scroller')
018.294  000.108  000.108: require('telescope.actions.state')
018.363  000.068  000.068: require('telescope.actions.utils')
018.563  000.124  000.124: require('telescope.actions.mt')
018.643  000.278  000.153: require('telescope.actions.set')
019.006  000.241  000.241: require('telescope.config.resolve')
019.012  000.367  000.126: require('telescope.pickers.entry_display')
019.230  000.217  000.217: require('telescope.from_entry')
019.395  001.530  000.337: require('telescope.actions')
019.460  000.063  000.063: require('telescope.debounce')
019.548  000.086  000.086: require('telescope.mappings')
019.609  000.059  000.059: require('telescope.pickers.highlights')
019.661  000.049  000.049: require('telescope.pickers.window')
019.704  000.042  000.042: require('telescope.pickers.layout')
019.791  000.042  000.042: require('telescope.algos.linked_list')
019.794  000.088  000.046: require('telescope.entry_manager')
019.834  000.039  000.039: require('telescope.pickers.multi')
019.843  002.967  000.158: require('telescope.pickers')
019.972  000.085  000.085: require('telescope.make_entry')
020.015  000.041  000.041: require('telescope.finders.async_static_finder')
020.138  000.033  000.033: require('plenary.class')
020.146  000.091  000.058: require('telescope._')
020.148  000.132  000.040: require('telescope.finders.async_oneshot_finder')
020.190  000.041  000.041: require('telescope.finders.async_job_finder')
020.193  000.350  000.051: require('telescope.finders')
020.343  000.145  000.145: require('vim.ui')
020.421  000.070  000.070: require('telescope.builtin')
020.532  001.025: VimEnter autocommands
022.214  001.682: UIEnter autocommands
022.646  000.286  000.286: sourcing /nix/store/j1pwl12y8knvzg62y13jy0lvdzkrari1-neovim-unwrapped-0.11.1/share/nvim/runtime/autoload/provider/clipboard.vim
022.651  000.151: before starting main loop
022.927  000.275: first screen update
022.928  000.002: --- NVIM STARTED ---

